<?xml version="1.0" encoding="UTF-8"?>
<testsuite xmlns:xsi="http://www.w3.org/2001/XMLSchema-instance" xsi:noNamespaceSchemaLocation="https://maven.apache.org/surefire/maven-surefire-plugin/xsd/surefire-test-report.xsd" name="io.niufen.springboot.mybatis.mapper.SysUserMapperTest" time="0.43" tests="7" errors="0" skipped="0" failures="2">
  <properties>
[...]
</properties>
  <testcase name="insert" classname="io.niufen.springboot.mybatis.mapper.SysUserMapperTest" time="0.343"/>
  <testcase name="updateById" classname="io.niufen.springboot.mybatis.mapper.SysUserMapperTest" time="0.02"/>
  <testcase name="getById" classname="io.niufen.springboot.mybatis.mapper.SysUserMapperTest" time="0.02">
    <failure type="java.lang.AssertionError">java.lang.AssertionError
	at io.niufen.springboot.mybatis.mapper.SysUserMapperTest.getById(SysUserMapperTest.java:83)
</failure>
    <system-out><![CDATA[2020-05-11 13:48:10.564 DEBUG 67347 --- [           main] i.n.s.m.mapper.SysUserMapper.insert      : ==>  Preparing: insert into t_sys_user(username,password,sex,phone,status,del_flag,create_user_id,create_user_name,create_time) values(?,?,?,?,?,?,?,?,?) 
2020-05-11 13:48:10.565 DEBUG 67347 --- [           main] i.n.s.m.mapper.SysUserMapper.insert      : ==> Parameters: mervin(String), jcutrqcq28kqk(String), 2(Integer), 17223028413(String), 1(Integer), 0(Integer), 0(Long), 系统(String), 2020-05-11 13:48:10.564(Timestamp)
2020-05-11 13:48:10.566 DEBUG 67347 --- [           main] i.n.s.m.mapper.SysUserMapper.insert      : <==    Updates: 1
2020-05-11 13:48:10.566 DEBUG 67347 --- [           main] i.n.s.m.mapper.SysUserMapper.getById     : ==>  Preparing: select * from t_sys_user where id=? 
2020-05-11 13:48:10.567 DEBUG 67347 --- [           main] i.n.s.m.mapper.SysUserMapper.getById     : ==> Parameters: 58(Long)
2020-05-11 13:48:10.568 DEBUG 67347 --- [           main] i.n.s.m.mapper.SysUserMapper.getById     : <==      Total: 1
]]></system-out>
  </testcase>
  <testcase name="count" classname="io.niufen.springboot.mybatis.mapper.SysUserMapperTest" time="0.008"/>
  <testcase name="listAll" classname="io.niufen.springboot.mybatis.mapper.SysUserMapperTest" time="0.019"/>
  <testcase name="deleteById" classname="io.niufen.springboot.mybatis.mapper.SysUserMapperTest" time="0.005"/>
  <testcase name="getByUsername" classname="io.niufen.springboot.mybatis.mapper.SysUserMapperTest" time="0.006">
    <failure type="java.lang.AssertionError">java.lang.AssertionError
	at io.niufen.springboot.mybatis.mapper.SysUserMapperTest.getByUsername(SysUserMapperTest.java:92)
</failure>
    <system-out><![CDATA[2020-05-11 13:48:10.616 DEBUG 67347 --- [           main] i.n.s.m.mapper.SysUserMapper.insert      : ==>  Preparing: insert into t_sys_user(username,password,sex,phone,status,del_flag,create_user_id,create_user_name,create_time) values(?,?,?,?,?,?,?,?,?) 
2020-05-11 13:48:10.617 DEBUG 67347 --- [           main] i.n.s.m.mapper.SysUserMapper.insert      : ==> Parameters: forrest(String), q7o6thcl(String), 2(Integer), 17250977975(String), 1(Integer), 0(Integer), 0(Long), 系统(String), 2020-05-11 13:48:10.616(Timestamp)
2020-05-11 13:48:10.617 DEBUG 67347 --- [           main] i.n.s.m.mapper.SysUserMapper.insert      : <==    Updates: 1
2020-05-11 13:48:10.618 DEBUG 67347 --- [           main] i.n.s.m.m.SysUserMapper.getByUsername    : ==>  Preparing: select * from t_sys_user where username=? limit 1 
2020-05-11 13:48:10.618 DEBUG 67347 --- [           main] i.n.s.m.m.SysUserMapper.getByUsername    : ==> Parameters: forrest(String)
2020-05-11 13:48:10.619 DEBUG 67347 --- [           main] i.n.s.m.m.SysUserMapper.getByUsername    : <==      Total: 1
]]></system-out>
  </testcase>
</testsuite>