<?xml version="1.0" encoding="UTF-8" ?>
<testsuite tests="6" failures="0" name="pres.niufen.toolkit.HexUtilsTest" time="0.1" errors="0" skipped="0">
  <properties>
[...]
</properties>
  <testcase classname="pres.niufen.toolkit.HexUtilsTest" name="hexStringToString" time="0.001"/>
  <testcase classname="pres.niufen.toolkit.HexUtilsTest" name="str2HexStr" time="0"/>
  <testcase classname="pres.niufen.toolkit.HexUtilsTest" name="unicode2String" time="0"/>
  <testcase classname="pres.niufen.toolkit.HexUtilsTest" name="str2Unicode" time="0.001"/>
  <testcase classname="pres.niufen.toolkit.HexUtilsTest" name="hexStr2Str" time="0"/>
  <testcase classname="pres.niufen.toolkit.HexUtilsTest" name="strToHex" time="0"/>
</testsuite>